mode: set
github.com/gergab1129/bookings/internal/handlers/handlers.go:24.47,28.2 1 1
github.com/gergab1129/bookings/internal/handlers/handlers.go:31.33,33.2 1 1
github.com/gergab1129/bookings/internal/handlers/handlers.go:36.67,40.2 3 1
github.com/gergab1129/bookings/internal/handlers/handlers.go:43.68,55.2 5 1
github.com/gergab1129/bookings/internal/handlers/handlers.go:57.70,59.2 1 1
github.com/gergab1129/bookings/internal/handlers/handlers.go:61.74,72.2 4 1
github.com/gergab1129/bookings/internal/handlers/handlers.go:75.78,79.16 2 1
github.com/gergab1129/bookings/internal/handlers/handlers.go:79.16,82.3 2 0
github.com/gergab1129/bookings/internal/handlers/handlers.go:84.2,97.21 6 1
github.com/gergab1129/bookings/internal/handlers/handlers.go:97.21,107.3 4 0
github.com/gergab1129/bookings/internal/handlers/handlers.go:109.2,110.66 2 1
github.com/gergab1129/bookings/internal/handlers/handlers.go:113.69,115.2 1 1
github.com/gergab1129/bookings/internal/handlers/handlers.go:117.71,119.2 1 1
github.com/gergab1129/bookings/internal/handlers/handlers.go:121.75,127.2 1 1
github.com/gergab1129/bookings/internal/handlers/handlers.go:129.79,133.2 3 1
github.com/gergab1129/bookings/internal/handlers/handlers.go:140.79,150.16 3 1
github.com/gergab1129/bookings/internal/handlers/handlers.go:150.16,153.3 2 0
github.com/gergab1129/bookings/internal/handlers/handlers.go:154.2,155.14 2 1
github.com/gergab1129/bookings/internal/handlers/handlers.go:158.81,162.9 2 1
github.com/gergab1129/bookings/internal/handlers/handlers.go:162.9,166.3 3 1
github.com/gergab1129/bookings/internal/handlers/handlers.go:168.2,176.8 4 1
