mode: set
github.com/gergab1129/bookings/internal/handlers/handlers.go:31.62,37.2 1 0
github.com/gergab1129/bookings/internal/handlers/handlers.go:39.51,45.2 1 1
github.com/gergab1129/bookings/internal/handlers/handlers.go:48.33,50.2 1 1
github.com/gergab1129/bookings/internal/handlers/handlers.go:53.67,56.2 2 1
github.com/gergab1129/bookings/internal/handlers/handlers.go:58.68,61.2 1 1
github.com/gergab1129/bookings/internal/handlers/handlers.go:63.70,65.2 1 1
github.com/gergab1129/bookings/internal/handlers/handlers.go:67.74,71.9 2 1
github.com/gergab1129/bookings/internal/handlers/handlers.go:71.9,75.3 3 1
github.com/gergab1129/bookings/internal/handlers/handlers.go:77.2,79.16 2 1
github.com/gergab1129/bookings/internal/handlers/handlers.go:79.16,83.3 3 1
github.com/gergab1129/bookings/internal/handlers/handlers.go:85.2,103.7 10 1
github.com/gergab1129/bookings/internal/handlers/handlers.go:107.78,110.16 2 1
github.com/gergab1129/bookings/internal/handlers/handlers.go:110.16,114.3 3 1
github.com/gergab1129/bookings/internal/handlers/handlers.go:116.2,125.16 5 1
github.com/gergab1129/bookings/internal/handlers/handlers.go:125.16,129.3 3 1
github.com/gergab1129/bookings/internal/handlers/handlers.go:131.2,133.16 2 1
github.com/gergab1129/bookings/internal/handlers/handlers.go:133.16,137.3 3 1
github.com/gergab1129/bookings/internal/handlers/handlers.go:139.2,140.16 2 1
github.com/gergab1129/bookings/internal/handlers/handlers.go:140.16,144.3 3 1
github.com/gergab1129/bookings/internal/handlers/handlers.go:146.2,163.21 6 1
github.com/gergab1129/bookings/internal/handlers/handlers.go:163.21,177.3 8 1
github.com/gergab1129/bookings/internal/handlers/handlers.go:179.2,181.16 2 1
github.com/gergab1129/bookings/internal/handlers/handlers.go:181.16,185.3 3 1
github.com/gergab1129/bookings/internal/handlers/handlers.go:187.2,197.16 3 1
github.com/gergab1129/bookings/internal/handlers/handlers.go:197.16,201.3 3 1
github.com/gergab1129/bookings/internal/handlers/handlers.go:205.2,247.66 8 1
github.com/gergab1129/bookings/internal/handlers/handlers.go:250.69,252.2 1 1
github.com/gergab1129/bookings/internal/handlers/handlers.go:254.71,256.2 1 1
github.com/gergab1129/bookings/internal/handlers/handlers.go:258.75,264.2 1 1
github.com/gergab1129/bookings/internal/handlers/handlers.go:266.79,269.16 2 1
github.com/gergab1129/bookings/internal/handlers/handlers.go:269.16,273.3 3 1
github.com/gergab1129/bookings/internal/handlers/handlers.go:275.2,281.16 5 1
github.com/gergab1129/bookings/internal/handlers/handlers.go:281.16,285.3 3 1
github.com/gergab1129/bookings/internal/handlers/handlers.go:287.2,288.16 2 1
github.com/gergab1129/bookings/internal/handlers/handlers.go:288.16,292.3 3 1
github.com/gergab1129/bookings/internal/handlers/handlers.go:294.2,301.16 3 1
github.com/gergab1129/bookings/internal/handlers/handlers.go:301.16,305.3 3 1
github.com/gergab1129/bookings/internal/handlers/handlers.go:307.2,307.30 1 1
github.com/gergab1129/bookings/internal/handlers/handlers.go:307.30,310.3 2 1
github.com/gergab1129/bookings/internal/handlers/handlers.go:312.2,324.7 5 1
github.com/gergab1129/bookings/internal/handlers/handlers.go:340.79,343.16 2 1
github.com/gergab1129/bookings/internal/handlers/handlers.go:343.16,354.3 5 1
github.com/gergab1129/bookings/internal/handlers/handlers.go:356.2,362.16 5 1
github.com/gergab1129/bookings/internal/handlers/handlers.go:362.16,373.3 5 1
github.com/gergab1129/bookings/internal/handlers/handlers.go:375.2,376.16 2 1
github.com/gergab1129/bookings/internal/handlers/handlers.go:376.16,387.3 5 1
github.com/gergab1129/bookings/internal/handlers/handlers.go:389.2,391.16 2 1
github.com/gergab1129/bookings/internal/handlers/handlers.go:391.16,402.3 5 1
github.com/gergab1129/bookings/internal/handlers/handlers.go:404.2,412.16 3 1
github.com/gergab1129/bookings/internal/handlers/handlers.go:412.16,423.3 5 1
github.com/gergab1129/bookings/internal/handlers/handlers.go:425.2,434.14 4 1
github.com/gergab1129/bookings/internal/handlers/handlers.go:437.81,441.9 2 1
github.com/gergab1129/bookings/internal/handlers/handlers.go:441.9,446.3 4 1
github.com/gergab1129/bookings/internal/handlers/handlers.go:448.2,465.8 9 1
github.com/gergab1129/bookings/internal/handlers/handlers.go:468.73,472.23 2 1
github.com/gergab1129/bookings/internal/handlers/handlers.go:472.23,476.3 3 1
github.com/gergab1129/bookings/internal/handlers/handlers.go:478.2,480.16 2 1
github.com/gergab1129/bookings/internal/handlers/handlers.go:480.16,484.3 3 1
github.com/gergab1129/bookings/internal/handlers/handlers.go:486.2,488.9 2 1
github.com/gergab1129/bookings/internal/handlers/handlers.go:488.9,493.3 4 1
github.com/gergab1129/bookings/internal/handlers/handlers.go:495.2,497.64 3 1
github.com/gergab1129/bookings/internal/handlers/handlers.go:500.71,504.16 2 1
github.com/gergab1129/bookings/internal/handlers/handlers.go:504.16,509.3 4 1
github.com/gergab1129/bookings/internal/handlers/handlers.go:525.2,528.16 3 1
github.com/gergab1129/bookings/internal/handlers/handlers.go:528.16,532.3 3 1
github.com/gergab1129/bookings/internal/handlers/handlers.go:534.2,535.16 2 1
github.com/gergab1129/bookings/internal/handlers/handlers.go:535.16,539.3 3 1
github.com/gergab1129/bookings/internal/handlers/handlers.go:541.2,549.64 3 1
github.com/gergab1129/bookings/internal/handlers/handlers.go:553.72,559.2 1 0
github.com/gergab1129/bookings/internal/handlers/handlers.go:562.76,566.19 3 0
github.com/gergab1129/bookings/internal/handlers/handlers.go:566.19,568.6 1 0
github.com/gergab1129/bookings/internal/handlers/handlers.go:570.5,573.24 4 0
github.com/gergab1129/bookings/internal/handlers/handlers.go:573.24,578.6 1 0
github.com/gergab1129/bookings/internal/handlers/handlers.go:580.5,581.19 2 0
github.com/gergab1129/bookings/internal/handlers/handlers.go:581.19,585.6 3 0
github.com/gergab1129/bookings/internal/handlers/handlers.go:587.4,590.49 3 0
github.com/gergab1129/bookings/internal/handlers/handlers.go:593.69,598.2 3 0
github.com/gergab1129/bookings/internal/handlers/handlers.go:601.77,605.2 1 0
